<?xml version="1.0" encoding="UTF-8"?>
<testng-results ignored="0" total="1" passed="0" failed="1" skipped="0">
  <reporter-output>
  </reporter-output>
  <suite started-at="2024-08-29T18:52:20 IST" name="Default suite" finished-at="2024-08-29T18:52:24 IST" duration-ms="3931">
    <groups>
    </groups>
    <test started-at="2024-08-29T18:52:20 IST" name="Default test" finished-at="2024-08-29T18:52:24 IST" duration-ms="3931">
      <class name="testscript.Login_Page_Test">
        <test-method is-config="true" signature="browserLaunch()[pri:0, instance:testscript.Login_Page_Test@2b662a77]" started-at="2024-08-29T18:52:20 IST" name="browserLaunch" finished-at="2024-08-29T18:52:23 IST" duration-ms="3270" status="PASS">
          <reporter-output>
          </reporter-output>
        </test-method> <!-- browserLaunch -->
        <test-method signature="verify_Loginwith_Valid_Credentials()[pri:0, instance:testscript.Login_Page_Test@2b662a77]" started-at="2024-08-29T18:52:23 IST" name="verify_Loginwith_Valid_Credentials" finished-at="2024-08-29T18:52:24 IST" duration-ms="615" status="FAIL">
          <exception class="java.lang.RuntimeException">
            <message>
              <![CDATA[excel sheet not found]]>
            </message>
            <full-stacktrace>
              <![CDATA[java.lang.RuntimeException: excel sheet not found
at utilities.Excel_Utility.get_StringData(Excel_Utility.java:32)
at testscript.Login_Page_Test.verify_Loginwith_Valid_Credentials(Login_Page_Test.java:24)
at java.base/jdk.internal.reflect.NativeMethodAccessorImpl.invoke0(Native Method)
at java.base/jdk.internal.reflect.NativeMethodAccessorImpl.invoke(NativeMethodAccessorImpl.java:77)
at java.base/jdk.internal.reflect.DelegatingMethodAccessorImpl.invoke(DelegatingMethodAccessorImpl.java:43)
at java.base/java.lang.reflect.Method.invoke(Method.java:568)
at org.testng.internal.invokers.MethodInvocationHelper.invokeMethod(MethodInvocationHelper.java:139)
at org.testng.internal.invokers.TestInvoker.invokeMethod(TestInvoker.java:677)
at org.testng.internal.invokers.TestInvoker.invokeTestMethod(TestInvoker.java:221)
at org.testng.internal.invokers.MethodRunner.runInSequence(MethodRunner.java:50)
at org.testng.internal.invokers.TestInvoker$MethodInvocationAgent.invoke(TestInvoker.java:969)
at org.testng.internal.invokers.TestInvoker.invokeTestMethods(TestInvoker.java:194)
at org.testng.internal.invokers.TestMethodWorker.invokeTestMethods(TestMethodWorker.java:148)
at org.testng.internal.invokers.TestMethodWorker.run(TestMethodWorker.java:128)
at java.base/java.util.ArrayList.forEach(ArrayList.java:1511)
at org.testng.TestRunner.privateRun(TestRunner.java:829)
at org.testng.TestRunner.run(TestRunner.java:602)
at org.testng.SuiteRunner.runTest(SuiteRunner.java:437)
at org.testng.SuiteRunner.runSequentially(SuiteRunner.java:431)
at org.testng.SuiteRunner.privateRun(SuiteRunner.java:391)
at org.testng.SuiteRunner.run(SuiteRunner.java:330)
at org.testng.SuiteRunnerWorker.runSuite(SuiteRunnerWorker.java:52)
at org.testng.SuiteRunnerWorker.run(SuiteRunnerWorker.java:95)
at org.testng.TestNG.runSuitesSequentially(TestNG.java:1256)
at org.testng.TestNG.runSuitesLocally(TestNG.java:1176)
at org.testng.TestNG.runSuites(TestNG.java:1099)
at org.testng.TestNG.run(TestNG.java:1067)
at org.testng.remote.AbstractRemoteTestNG.run(AbstractRemoteTestNG.java:115)
at org.testng.remote.RemoteTestNG.initAndRun(RemoteTestNG.java:293)
at org.testng.remote.RemoteTestNG.main(RemoteTestNG.java:91)
]]>
            </full-stacktrace>
          </exception> <!-- java.lang.RuntimeException -->
          <reporter-output>
          </reporter-output>
        </test-method> <!-- verify_Loginwith_Valid_Credentials -->
        <test-method is-config="true" signature="close_Browser()[pri:0, instance:testscript.Login_Page_Test@2b662a77]" started-at="2024-08-29T18:52:24 IST" name="close_Browser" finished-at="2024-08-29T18:52:24 IST" duration-ms="0" status="PASS">
          <reporter-output>
          </reporter-output>
        </test-method> <!-- close_Browser -->
      </class> <!-- testscript.Login_Page_Test -->
    </test> <!-- Default test -->
  </suite> <!-- Default suite -->
</testng-results>
